{"synthetic": false,
 "schemaVersion": "2025-09-10",
 "outputs":
 {"o": ["f2e4c5ca734f0d9a.olean"],
  "m": false,
  "i": "f7e5cf1cafa06ea9.ilean",
  "c": "22fa12b0fbf55011.c"},
 "log":
 [{"message":
   ".> LEAN_PATH=/Users/arhamlodha/Projects/Research/graphons/Thesis/formalization/.lake/packages/Cli/.lake/build/lib/lean:/Users/arhamlodha/Projects/Research/graphons/Thesis/formalization/.lake/packages/batteries/.lake/build/lib/lean:/Users/arhamlodha/Projects/Research/graphons/Thesis/formalization/.lake/packages/Qq/.lake/build/lib/lean:/Users/arhamlodha/Projects/Research/graphons/Thesis/formalization/.lake/packages/aesop/.lake/build/lib/lean:/Users/arhamlodha/Projects/Research/graphons/Thesis/formalization/.lake/packages/proofwidgets/.lake/build/lib/lean:/Users/arhamlodha/Projects/Research/graphons/Thesis/formalization/.lake/packages/importGraph/.lake/build/lib/lean:/Users/arhamlodha/Projects/Research/graphons/Thesis/formalization/.lake/packages/LeanSearchClient/.lake/build/lib/lean:/Users/arhamlodha/Projects/Research/graphons/Thesis/formalization/.lake/packages/plausible/.lake/build/lib/lean:/Users/arhamlodha/Projects/Research/graphons/Thesis/formalization/.lake/packages/mathlib/.lake/build/lib/lean:/Users/arhamlodha/Projects/Research/graphons/Thesis/formalization/.lake/build/lib/lean /Users/arhamlodha/.local/share/elan/toolchains/leanprover--lean4---v4.32.0-rc1/bin/lean /Users/arhamlodha/Projects/Research/graphons/Thesis/formalization/GraphonFormalization.lean -o /Users/arhamlodha/Projects/Research/graphons/Thesis/formalization/.lake/build/lib/lean/GraphonFormalization.olean -i /Users/arhamlodha/Projects/Research/graphons/Thesis/formalization/.lake/build/lib/lean/GraphonFormalization.ilean -c /Users/arhamlodha/Projects/Research/graphons/Thesis/formalization/.lake/build/ir/GraphonFormalization.c --setup /Users/arhamlodha/Projects/Research/graphons/Thesis/formalization/.lake/build/ir/GraphonFormalization.setup.json --json",
   "level": "trace"}],
 "inputs":
 [["GraphonFormalization:deps",
   [["deps",
     [["GraphonFormalization/GraphonFormalization:extraDep",
       [["@GraphonFormalization:extraDep", "00000000000006bb"]]],
      ["imports",
       [["GraphonFormalization.Graph transitive imports (legacy)",
         "64bbb4118b63abc0"],
        ["GraphonFormalization.Graph:importAllArts", "2cb13d0978856604"],
        ["GraphonFormalization.Graphon transitive imports (legacy)",
         "9fe1de293a49d6d8"],
        ["GraphonFormalization.Graphon:importAllArts", "f66c5aee4d9c75c8"],
        ["GraphonFormalization.HomDensity transitive imports (legacy)",
         "7dbbe5f333826e06"],
        ["GraphonFormalization.HomDensity:importAllArts", "77aadca763287894"],
        ["GraphonFormalization.Alpha transitive imports (legacy)",
         "e0e9a474c64dc93e"],
        ["GraphonFormalization.Alpha:importAllArts", "89ff48a7fe311329"],
        ["GraphonFormalization.UpperBound transitive imports (legacy)",
         "52d892ebb1ca9d21"],
        ["GraphonFormalization.UpperBound:importAllArts", "ce9f350442e8371f"],
        ["GraphonFormalization.LowerBound transitive imports (legacy)",
         "937e5ba61cd8dcf3"],
        ["GraphonFormalization.LowerBound:importAllArts", "e18286008b56cbaa"],
        ["GraphonFormalization.MainTheorem transitive imports (legacy)",
         "d1f1656b9d22a54a"],
        ["GraphonFormalization.MainTheorem:importAllArts",
         "90f29ad881fc76fd"]]]]],
    ["libs",
     [["import dynlibs", "00000000000006bb"],
      ["package external libraries", "00000000000006bb"],
      ["module dynlibs", "00000000000006bb"],
      ["module plugins", "00000000000006bb"]]]]],
  ["Lean 4.32.0, commit b4812ae53eea93439ad5dce5a5c26591c31cb697",
   "9f30fb205c97627b"],
  ["/Users/arhamlodha/Projects/Research/graphons/Thesis/formalization/GraphonFormalization.lean",
   "76e8440daec94d20"],
  ["options", "00000000000006bb"],
  ["isModule: false", "feefd2a0d3a1847e"],
  ["Module.name: GraphonFormalization", "61f1f19cc0f3a3d5"],
  ["Package.id?: (some GraphonFormalization)", "aac668fec9cc80f0"],
  ["Module.leanArgs: #[]", "00000000000006bb"]],
 "depHash": "8ad901f56c986f65"}