{"synthetic": false,
 "schemaVersion": "2025-09-10",
 "outputs":
 {"o": ["11a8a7e91f263cd1.olean"],
  "m": false,
  "i": "d6681dfc83b62891.ilean",
  "c": "7e2b17a0ace755f7.c"},
 "log":
 [{"message":
   ".> LEAN_PATH=/Users/arhamlodha/Projects/Research/graphons/Thesis/formalization/.lake/packages/Cli/.lake/build/lib/lean:/Users/arhamlodha/Projects/Research/graphons/Thesis/formalization/.lake/packages/batteries/.lake/build/lib/lean:/Users/arhamlodha/Projects/Research/graphons/Thesis/formalization/.lake/packages/Qq/.lake/build/lib/lean:/Users/arhamlodha/Projects/Research/graphons/Thesis/formalization/.lake/packages/aesop/.lake/build/lib/lean:/Users/arhamlodha/Projects/Research/graphons/Thesis/formalization/.lake/packages/proofwidgets/.lake/build/lib/lean:/Users/arhamlodha/Projects/Research/graphons/Thesis/formalization/.lake/packages/importGraph/.lake/build/lib/lean:/Users/arhamlodha/Projects/Research/graphons/Thesis/formalization/.lake/packages/LeanSearchClient/.lake/build/lib/lean:/Users/arhamlodha/Projects/Research/graphons/Thesis/formalization/.lake/packages/plausible/.lake/build/lib/lean:/Users/arhamlodha/Projects/Research/graphons/Thesis/formalization/.lake/packages/mathlib/.lake/build/lib/lean:/Users/arhamlodha/Projects/Research/graphons/Thesis/formalization/.lake/build/lib/lean /Users/arhamlodha/.local/share/elan/toolchains/leanprover--lean4---v4.32.0-rc1/bin/lean /Users/arhamlodha/Projects/Research/graphons/Thesis/formalization/GraphonFormalization/Alpha.lean -o /Users/arhamlodha/Projects/Research/graphons/Thesis/formalization/.lake/build/lib/lean/GraphonFormalization/Alpha.olean -i /Users/arhamlodha/Projects/Research/graphons/Thesis/formalization/.lake/build/lib/lean/GraphonFormalization/Alpha.ilean -c /Users/arhamlodha/Projects/Research/graphons/Thesis/formalization/.lake/build/ir/GraphonFormalization/Alpha.c --setup /Users/arhamlodha/Projects/Research/graphons/Thesis/formalization/.lake/build/ir/GraphonFormalization/Alpha.setup.json --json",
   "level": "trace"},
  {"message": "GraphonFormalization/Alpha.lean:70:8: declaration uses `sorry`",
   "level": "warning"},
  {"message":
   "GraphonFormalization/Alpha.lean:76:0: automatically included section variable(s) unused in theorem `GraphonFormalization.alphaG_eq_sum_components`:\n  [DecidableEq V]\nconsider restructuring your `variable` declarations so that the variables are not in scope or explicitly omit them:\n  omit [DecidableEq V] in theorem ...\n\nNote: This linter can be disabled with `set_option linter.unusedSectionVars false`",
   "level": "warning"},
  {"message":
   "GraphonFormalization/Alpha.lean:77:5: Variable name `D` is not explicitly referenced.\n\nThe binding can be removed (if unused) or named `_` (if used implicitly).\n\nNote: This linter can be disabled with `set_option linter.unusedVariables false`",
   "level": "warning"},
  {"message": "GraphonFormalization/Alpha.lean:86:8: declaration uses `sorry`",
   "level": "warning"},
  {"message": "GraphonFormalization/Alpha.lean:95:8: declaration uses `sorry`",
   "level": "warning"},
  {"message": "GraphonFormalization/Alpha.lean:108:0: declaration uses `sorry`",
   "level": "warning"},
  {"message": "GraphonFormalization/Alpha.lean:112:0: declaration uses `sorry`",
   "level": "warning"},
  {"message": "GraphonFormalization/Alpha.lean:116:8: declaration uses `sorry`",
   "level": "warning"}],
 "inputs":
 [["GraphonFormalization.Alpha:deps",
   [["deps",
     [["GraphonFormalization/GraphonFormalization:extraDep",
       [["@GraphonFormalization:extraDep", "00000000000006bb"]]],
      ["imports",
       [["GraphonFormalization.Graph transitive imports (legacy)",
         "64bbb4118b63abc0"],
        ["GraphonFormalization.Graph:importAllArts", "2cb13d0978856604"],
        ["Mathlib.Combinatorics.SimpleGraph.Clique transitive imports (legacy)",
         "b5a842e132e85cbe"],
        ["Mathlib.Combinatorics.SimpleGraph.Clique:importAllArts",
         "0a996a9dfd961fae"],
        ["Mathlib.Algebra.Order.Archimedean.Real.Basic transitive imports (legacy)",
         "c0d0baeb563133bb"],
        ["Mathlib.Algebra.Order.Archimedean.Real.Basic:importAllArts",
         "9d7139d82fcd11bf"],
        ["Mathlib.Order.ConditionallyCompleteLattice.Basic transitive imports (legacy)",
         "14fa4a79ff5a2e25"],
        ["Mathlib.Order.ConditionallyCompleteLattice.Basic:importAllArts",
         "90b85c241fdea869"],
        ["Mathlib.Algebra.BigOperators.Ring.Finset transitive imports (legacy)",
         "11374d53d7f3d78f"],
        ["Mathlib.Algebra.BigOperators.Ring.Finset:importAllArts",
         "c47894bfd962158a"]]]]],
    ["libs",
     [["import dynlibs", "00000000000006bb"],
      ["package external libraries", "00000000000006bb"],
      ["module dynlibs", "00000000000006bb"],
      ["module plugins", "00000000000006bb"]]]]],
  ["Lean 4.32.0, commit b4812ae53eea93439ad5dce5a5c26591c31cb697",
   "9f30fb205c97627b"],
  ["/Users/arhamlodha/Projects/Research/graphons/Thesis/formalization/GraphonFormalization/Alpha.lean",
   "7627c9bdedadf7a9"],
  ["options", "00000000000006bb"],
  ["isModule: false", "feefd2a0d3a1847e"],
  ["Module.name: GraphonFormalization.Alpha", "0f27f4a9f77b67c4"],
  ["Package.id?: (some GraphonFormalization)", "aac668fec9cc80f0"],
  ["Module.leanArgs: #[]", "00000000000006bb"]],
 "depHash": "6602d0336d179e00"}