{"synthetic": false,
 "schemaVersion": "2025-09-10",
 "outputs":
 {"o": ["7f29087b5c8861e3.olean"],
  "m": false,
  "i": "176a8a3fd0cb4ee6.ilean",
  "c": "bcc1d173716a5ff6.c"},
 "log":
 [{"message":
   ".> LEAN_PATH=/Users/arhamlodha/Projects/Research/graphons/Thesis/formalization/.lake/packages/Cli/.lake/build/lib/lean:/Users/arhamlodha/Projects/Research/graphons/Thesis/formalization/.lake/packages/batteries/.lake/build/lib/lean:/Users/arhamlodha/Projects/Research/graphons/Thesis/formalization/.lake/packages/Qq/.lake/build/lib/lean:/Users/arhamlodha/Projects/Research/graphons/Thesis/formalization/.lake/packages/aesop/.lake/build/lib/lean:/Users/arhamlodha/Projects/Research/graphons/Thesis/formalization/.lake/packages/proofwidgets/.lake/build/lib/lean:/Users/arhamlodha/Projects/Research/graphons/Thesis/formalization/.lake/packages/importGraph/.lake/build/lib/lean:/Users/arhamlodha/Projects/Research/graphons/Thesis/formalization/.lake/packages/LeanSearchClient/.lake/build/lib/lean:/Users/arhamlodha/Projects/Research/graphons/Thesis/formalization/.lake/packages/plausible/.lake/build/lib/lean:/Users/arhamlodha/Projects/Research/graphons/Thesis/formalization/.lake/packages/mathlib/.lake/build/lib/lean:/Users/arhamlodha/Projects/Research/graphons/Thesis/formalization/.lake/build/lib/lean /Users/arhamlodha/.local/share/elan/toolchains/leanprover--lean4---v4.32.0-rc1/bin/lean /Users/arhamlodha/Projects/Research/graphons/Thesis/formalization/GraphonFormalization/Graphon.lean -o /Users/arhamlodha/Projects/Research/graphons/Thesis/formalization/.lake/build/lib/lean/GraphonFormalization/Graphon.olean -i /Users/arhamlodha/Projects/Research/graphons/Thesis/formalization/.lake/build/lib/lean/GraphonFormalization/Graphon.ilean -c /Users/arhamlodha/Projects/Research/graphons/Thesis/formalization/.lake/build/ir/GraphonFormalization/Graphon.c --setup /Users/arhamlodha/Projects/Research/graphons/Thesis/formalization/.lake/build/ir/GraphonFormalization/Graphon.setup.json --json",
   "level": "trace"},
  {"message":
   "GraphonFormalization/Graphon.lean:85:18: declaration uses `sorry`",
   "level": "warning"},
  {"message":
   "GraphonFormalization/Graphon.lean:121:18: declaration uses `sorry`",
   "level": "warning"}],
 "inputs":
 [["GraphonFormalization.Graphon:deps",
   [["deps",
     [["GraphonFormalization/GraphonFormalization:extraDep",
       [["@GraphonFormalization:extraDep", "00000000000006bb"]]],
      ["imports",
       [["Mathlib.MeasureTheory.Measure.Lebesgue.Basic transitive imports (legacy)",
         "cf609448a28f908a"],
        ["Mathlib.MeasureTheory.Measure.Lebesgue.Basic:importAllArts",
         "b810b0fcba15e532"],
        ["Mathlib.MeasureTheory.Measure.AEMeasurable transitive imports (legacy)",
         "d67c2e84746e919d"],
        ["Mathlib.MeasureTheory.Measure.AEMeasurable:importAllArts",
         "35a1e688e7e67e91"],
        ["Mathlib.MeasureTheory.Measure.MeasureSpace transitive imports (legacy)",
         "8560b69e26fd5177"],
        ["Mathlib.MeasureTheory.Measure.MeasureSpace:importAllArts",
         "9f2fdb7e0ed50f60"],
        ["Mathlib.MeasureTheory.Group.Arithmetic transitive imports (legacy)",
         "ae741150cd836fbb"],
        ["Mathlib.MeasureTheory.Group.Arithmetic:importAllArts",
         "d7f75727d29bf9c3"]]]]],
    ["libs",
     [["import dynlibs", "00000000000006bb"],
      ["package external libraries", "00000000000006bb"],
      ["module dynlibs", "00000000000006bb"],
      ["module plugins", "00000000000006bb"]]]]],
  ["Lean 4.32.0, commit b4812ae53eea93439ad5dce5a5c26591c31cb697",
   "9f30fb205c97627b"],
  ["/Users/arhamlodha/Projects/Research/graphons/Thesis/formalization/GraphonFormalization/Graphon.lean",
   "7ca2e082866e51da"],
  ["options", "00000000000006bb"],
  ["isModule: false", "feefd2a0d3a1847e"],
  ["Module.name: GraphonFormalization.Graphon", "f156a30bf1c6aba4"],
  ["Package.id?: (some GraphonFormalization)", "aac668fec9cc80f0"],
  ["Module.leanArgs: #[]", "00000000000006bb"]],
 "depHash": "d3ce65dd640a2fad"}