{"synthetic": false,
 "schemaVersion": "2025-09-10",
 "outputs":
 {"o": ["b5c8011003236c3f.olean"],
  "m": false,
  "i": "e7c12358666d9b8a.ilean",
  "c": "ca16ea552b61c36b.c"},
 "log":
 [{"message":
   ".> LEAN_PATH=/Users/arhamlodha/Projects/Research/graphons/Thesis/formalization/.lake/packages/Cli/.lake/build/lib/lean:/Users/arhamlodha/Projects/Research/graphons/Thesis/formalization/.lake/packages/batteries/.lake/build/lib/lean:/Users/arhamlodha/Projects/Research/graphons/Thesis/formalization/.lake/packages/Qq/.lake/build/lib/lean:/Users/arhamlodha/Projects/Research/graphons/Thesis/formalization/.lake/packages/aesop/.lake/build/lib/lean:/Users/arhamlodha/Projects/Research/graphons/Thesis/formalization/.lake/packages/proofwidgets/.lake/build/lib/lean:/Users/arhamlodha/Projects/Research/graphons/Thesis/formalization/.lake/packages/importGraph/.lake/build/lib/lean:/Users/arhamlodha/Projects/Research/graphons/Thesis/formalization/.lake/packages/LeanSearchClient/.lake/build/lib/lean:/Users/arhamlodha/Projects/Research/graphons/Thesis/formalization/.lake/packages/plausible/.lake/build/lib/lean:/Users/arhamlodha/Projects/Research/graphons/Thesis/formalization/.lake/packages/mathlib/.lake/build/lib/lean:/Users/arhamlodha/Projects/Research/graphons/Thesis/formalization/.lake/build/lib/lean /Users/arhamlodha/.local/share/elan/toolchains/leanprover--lean4---v4.32.0-rc1/bin/lean /Users/arhamlodha/Projects/Research/graphons/Thesis/formalization/GraphonFormalization/HomDensity.lean -o /Users/arhamlodha/Projects/Research/graphons/Thesis/formalization/.lake/build/lib/lean/GraphonFormalization/HomDensity.olean -i /Users/arhamlodha/Projects/Research/graphons/Thesis/formalization/.lake/build/lib/lean/GraphonFormalization/HomDensity.ilean -c /Users/arhamlodha/Projects/Research/graphons/Thesis/formalization/.lake/build/ir/GraphonFormalization/HomDensity.c --setup /Users/arhamlodha/Projects/Research/graphons/Thesis/formalization/.lake/build/ir/GraphonFormalization/HomDensity.setup.json --json",
   "level": "trace"},
  {"message":
   "GraphonFormalization/HomDensity.lean:51:8: declaration uses `sorry`",
   "level": "warning"},
  {"message":
   "GraphonFormalization/HomDensity.lean:71:8: declaration uses `sorry`",
   "level": "warning"}],
 "inputs":
 [["GraphonFormalization.HomDensity:deps",
   [["deps",
     [["GraphonFormalization/GraphonFormalization:extraDep",
       [["@GraphonFormalization:extraDep", "00000000000006bb"]]],
      ["imports",
       [["GraphonFormalization.Graphon transitive imports (legacy)",
         "9fe1de293a49d6d8"],
        ["GraphonFormalization.Graphon:importAllArts", "f66c5aee4d9c75c8"],
        ["Mathlib.MeasureTheory.Constructions.Pi transitive imports (legacy)",
         "4d7201e803be278c"],
        ["Mathlib.MeasureTheory.Constructions.Pi:importAllArts",
         "4edb5a210321db71"],
        ["Mathlib.MeasureTheory.Integral.Pi transitive imports (legacy)",
         "589a19621a37745d"],
        ["Mathlib.MeasureTheory.Integral.Pi:importAllArts", "90f338abf252ea82"],
        ["Mathlib.Combinatorics.SimpleGraph.Clique transitive imports (legacy)",
         "b5a842e132e85cbe"],
        ["Mathlib.Combinatorics.SimpleGraph.Clique:importAllArts",
         "0a996a9dfd961fae"],
        ["Mathlib.Data.Real.Basic transitive imports (legacy)",
         "46573abc6139fcf2"],
        ["Mathlib.Data.Real.Basic:importAllArts", "f76e37c5dc678cd4"]]]]],
    ["libs",
     [["import dynlibs", "00000000000006bb"],
      ["package external libraries", "00000000000006bb"],
      ["module dynlibs", "00000000000006bb"],
      ["module plugins", "00000000000006bb"]]]]],
  ["Lean 4.32.0, commit b4812ae53eea93439ad5dce5a5c26591c31cb697",
   "9f30fb205c97627b"],
  ["/Users/arhamlodha/Projects/Research/graphons/Thesis/formalization/GraphonFormalization/HomDensity.lean",
   "45d12cb3f4602ecf"],
  ["options", "00000000000006bb"],
  ["isModule: false", "feefd2a0d3a1847e"],
  ["Module.name: GraphonFormalization.HomDensity", "e0a31bfb96fc2ca3"],
  ["Package.id?: (some GraphonFormalization)", "aac668fec9cc80f0"],
  ["Module.leanArgs: #[]", "00000000000006bb"]],
 "depHash": "8248d194c78ab278"}