{"synthetic": false,
 "schemaVersion": "2025-09-10",
 "outputs":
 {"o": ["c34172728addde3d.olean"],
  "m": false,
  "i": "54e8754672e0ddba.ilean",
  "c": "115e495443fb18bf.c"},
 "log":
 [{"message":
   ".> LEAN_PATH=/Users/arhamlodha/Projects/Research/graphons/Thesis/formalization/.lake/packages/Cli/.lake/build/lib/lean:/Users/arhamlodha/Projects/Research/graphons/Thesis/formalization/.lake/packages/batteries/.lake/build/lib/lean:/Users/arhamlodha/Projects/Research/graphons/Thesis/formalization/.lake/packages/Qq/.lake/build/lib/lean:/Users/arhamlodha/Projects/Research/graphons/Thesis/formalization/.lake/packages/aesop/.lake/build/lib/lean:/Users/arhamlodha/Projects/Research/graphons/Thesis/formalization/.lake/packages/proofwidgets/.lake/build/lib/lean:/Users/arhamlodha/Projects/Research/graphons/Thesis/formalization/.lake/packages/importGraph/.lake/build/lib/lean:/Users/arhamlodha/Projects/Research/graphons/Thesis/formalization/.lake/packages/LeanSearchClient/.lake/build/lib/lean:/Users/arhamlodha/Projects/Research/graphons/Thesis/formalization/.lake/packages/plausible/.lake/build/lib/lean:/Users/arhamlodha/Projects/Research/graphons/Thesis/formalization/.lake/packages/mathlib/.lake/build/lib/lean:/Users/arhamlodha/Projects/Research/graphons/Thesis/formalization/.lake/build/lib/lean /Users/arhamlodha/.local/share/elan/toolchains/leanprover--lean4---v4.32.0-rc1/bin/lean /Users/arhamlodha/Projects/Research/graphons/Thesis/formalization/GraphonFormalization/LowerBound.lean -o /Users/arhamlodha/Projects/Research/graphons/Thesis/formalization/.lake/build/lib/lean/GraphonFormalization/LowerBound.olean -i /Users/arhamlodha/Projects/Research/graphons/Thesis/formalization/.lake/build/lib/lean/GraphonFormalization/LowerBound.ilean -c /Users/arhamlodha/Projects/Research/graphons/Thesis/formalization/.lake/build/ir/GraphonFormalization/LowerBound.c --setup /Users/arhamlodha/Projects/Research/graphons/Thesis/formalization/.lake/build/ir/GraphonFormalization/LowerBound.setup.json --json",
   "level": "trace"},
  {"message":
   "GraphonFormalization/LowerBound.lean:36:5: Variable name `hT` is not explicitly referenced.\n\nThe binding can be removed (if unused) or named `_` (if used implicitly).\n\nNote: This linter can be disabled with `set_option linter.unusedVariables false`",
   "level": "warning"},
  {"message":
   "GraphonFormalization/LowerBound.lean:37:5: Variable name `ε` is not explicitly referenced.\n\nThe binding can be removed (if unused) or named `_` (if used implicitly).\n\nNote: This linter can be disabled with `set_option linter.unusedVariables false`",
   "level": "warning"},
  {"message":
   "GraphonFormalization/LowerBound.lean:37:7: Variable name `τ` is not explicitly referenced.\n\nThe binding can be removed (if unused) or named `_` (if used implicitly).\n\nNote: This linter can be disabled with `set_option linter.unusedVariables false`",
   "level": "warning"},
  {"message":
   "GraphonFormalization/LowerBound.lean:47:8: declaration uses `sorry`",
   "level": "warning"},
  {"message":
   "GraphonFormalization/LowerBound.lean:56:8: declaration uses `sorry`",
   "level": "warning"},
  {"message":
   "GraphonFormalization/LowerBound.lean:66:8: declaration uses `sorry`",
   "level": "warning"},
  {"message":
   "GraphonFormalization/LowerBound.lean:77:8: declaration uses `sorry`",
   "level": "warning"}],
 "inputs":
 [["GraphonFormalization.LowerBound:deps",
   [["deps",
     [["GraphonFormalization/GraphonFormalization:extraDep",
       [["@GraphonFormalization:extraDep", "00000000000006bb"]]],
      ["imports",
       [["GraphonFormalization.HomDensity transitive imports (legacy)",
         "7dbbe5f333826e06"],
        ["GraphonFormalization.HomDensity:importAllArts", "77aadca763287894"],
        ["GraphonFormalization.Alpha transitive imports (legacy)",
         "e0e9a474c64dc93e"],
        ["GraphonFormalization.Alpha:importAllArts", "89ff48a7fe311329"],
        ["Mathlib.Analysis.Asymptotics.Defs transitive imports (legacy)",
         "5334958c30d26a8b"],
        ["Mathlib.Analysis.Asymptotics.Defs:importAllArts", "5aa43a75b0fcc19c"],
        ["Mathlib.Analysis.SpecialFunctions.Pow.Real transitive imports (legacy)",
         "cab8995b060c682e"],
        ["Mathlib.Analysis.SpecialFunctions.Pow.Real:importAllArts",
         "1cac6ffbc2befd73"]]]]],
    ["libs",
     [["import dynlibs", "00000000000006bb"],
      ["package external libraries", "00000000000006bb"],
      ["module dynlibs", "00000000000006bb"],
      ["module plugins", "00000000000006bb"]]]]],
  ["Lean 4.32.0, commit b4812ae53eea93439ad5dce5a5c26591c31cb697",
   "9f30fb205c97627b"],
  ["/Users/arhamlodha/Projects/Research/graphons/Thesis/formalization/GraphonFormalization/LowerBound.lean",
   "aa949767ef2aea6d"],
  ["options", "00000000000006bb"],
  ["isModule: false", "feefd2a0d3a1847e"],
  ["Module.name: GraphonFormalization.LowerBound", "61068c7f214b31b2"],
  ["Package.id?: (some GraphonFormalization)", "aac668fec9cc80f0"],
  ["Module.leanArgs: #[]", "00000000000006bb"]],
 "depHash": "d17276efbf96752c"}