{"synthetic": false,
 "schemaVersion": "2025-09-10",
 "outputs":
 {"o": ["d9303f961e5bb44a.olean"],
  "m": false,
  "i": "fcc8b88832c11a7e.ilean",
  "c": "8898e452de9cfc15.c"},
 "log":
 [{"message":
   ".> LEAN_PATH=/Users/arhamlodha/Projects/Research/graphons/Thesis/formalization/.lake/packages/Cli/.lake/build/lib/lean:/Users/arhamlodha/Projects/Research/graphons/Thesis/formalization/.lake/packages/batteries/.lake/build/lib/lean:/Users/arhamlodha/Projects/Research/graphons/Thesis/formalization/.lake/packages/Qq/.lake/build/lib/lean:/Users/arhamlodha/Projects/Research/graphons/Thesis/formalization/.lake/packages/aesop/.lake/build/lib/lean:/Users/arhamlodha/Projects/Research/graphons/Thesis/formalization/.lake/packages/proofwidgets/.lake/build/lib/lean:/Users/arhamlodha/Projects/Research/graphons/Thesis/formalization/.lake/packages/importGraph/.lake/build/lib/lean:/Users/arhamlodha/Projects/Research/graphons/Thesis/formalization/.lake/packages/LeanSearchClient/.lake/build/lib/lean:/Users/arhamlodha/Projects/Research/graphons/Thesis/formalization/.lake/packages/plausible/.lake/build/lib/lean:/Users/arhamlodha/Projects/Research/graphons/Thesis/formalization/.lake/packages/mathlib/.lake/build/lib/lean:/Users/arhamlodha/Projects/Research/graphons/Thesis/formalization/.lake/build/lib/lean /Users/arhamlodha/.local/share/elan/toolchains/leanprover--lean4---v4.32.0-rc1/bin/lean /Users/arhamlodha/Projects/Research/graphons/Thesis/formalization/GraphonFormalization/MainTheorem.lean -o /Users/arhamlodha/Projects/Research/graphons/Thesis/formalization/.lake/build/lib/lean/GraphonFormalization/MainTheorem.olean -i /Users/arhamlodha/Projects/Research/graphons/Thesis/formalization/.lake/build/lib/lean/GraphonFormalization/MainTheorem.ilean -c /Users/arhamlodha/Projects/Research/graphons/Thesis/formalization/.lake/build/ir/GraphonFormalization/MainTheorem.c --setup /Users/arhamlodha/Projects/Research/graphons/Thesis/formalization/.lake/build/ir/GraphonFormalization/MainTheorem.setup.json --json",
   "level": "trace"},
  {"message":
   "GraphonFormalization/MainTheorem.lean:71:8: declaration uses `sorry`",
   "level": "warning"},
  {"message":
   "GraphonFormalization/MainTheorem.lean:80:8: declaration uses `sorry`",
   "level": "warning"}],
 "inputs":
 [["GraphonFormalization.MainTheorem:deps",
   [["deps",
     [["GraphonFormalization/GraphonFormalization:extraDep",
       [["@GraphonFormalization:extraDep", "00000000000006bb"]]],
      ["imports",
       [["GraphonFormalization.HomDensity transitive imports (legacy)",
         "7dbbe5f333826e06"],
        ["GraphonFormalization.HomDensity:importAllArts", "77aadca763287894"],
        ["GraphonFormalization.Alpha transitive imports (legacy)",
         "e0e9a474c64dc93e"],
        ["GraphonFormalization.Alpha:importAllArts", "89ff48a7fe311329"],
        ["GraphonFormalization.UpperBound transitive imports (legacy)",
         "52d892ebb1ca9d21"],
        ["GraphonFormalization.UpperBound:importAllArts", "ce9f350442e8371f"],
        ["GraphonFormalization.LowerBound transitive imports (legacy)",
         "937e5ba61cd8dcf3"],
        ["GraphonFormalization.LowerBound:importAllArts", "e18286008b56cbaa"],
        ["Mathlib.Analysis.Asymptotics.Theta transitive imports (legacy)",
         "7ee0e7ac62dd26cd"],
        ["Mathlib.Analysis.Asymptotics.Theta:importAllArts",
         "9ac88243bade8990"]]]]],
    ["libs",
     [["import dynlibs", "00000000000006bb"],
      ["package external libraries", "00000000000006bb"],
      ["module dynlibs", "00000000000006bb"],
      ["module plugins", "00000000000006bb"]]]]],
  ["Lean 4.32.0, commit b4812ae53eea93439ad5dce5a5c26591c31cb697",
   "9f30fb205c97627b"],
  ["/Users/arhamlodha/Projects/Research/graphons/Thesis/formalization/GraphonFormalization/MainTheorem.lean",
   "53e084db6d778606"],
  ["options", "00000000000006bb"],
  ["isModule: false", "feefd2a0d3a1847e"],
  ["Module.name: GraphonFormalization.MainTheorem", "85fa300b5fd4ef08"],
  ["Package.id?: (some GraphonFormalization)", "aac668fec9cc80f0"],
  ["Module.leanArgs: #[]", "00000000000006bb"]],
 "depHash": "1dc8db0482462b4d"}