{"synthetic": false,
 "schemaVersion": "2025-09-10",
 "outputs":
 {"o": ["eea0a412f005928a.olean"],
  "m": false,
  "i": "a823a979ceeff56f.ilean",
  "c": "a15c9fcc84d0a8b3.c"},
 "log":
 [{"message":
   ".> LEAN_PATH=/Users/arhamlodha/Projects/Research/graphons/Thesis/formalization/.lake/packages/Cli/.lake/build/lib/lean:/Users/arhamlodha/Projects/Research/graphons/Thesis/formalization/.lake/packages/batteries/.lake/build/lib/lean:/Users/arhamlodha/Projects/Research/graphons/Thesis/formalization/.lake/packages/Qq/.lake/build/lib/lean:/Users/arhamlodha/Projects/Research/graphons/Thesis/formalization/.lake/packages/aesop/.lake/build/lib/lean:/Users/arhamlodha/Projects/Research/graphons/Thesis/formalization/.lake/packages/proofwidgets/.lake/build/lib/lean:/Users/arhamlodha/Projects/Research/graphons/Thesis/formalization/.lake/packages/importGraph/.lake/build/lib/lean:/Users/arhamlodha/Projects/Research/graphons/Thesis/formalization/.lake/packages/LeanSearchClient/.lake/build/lib/lean:/Users/arhamlodha/Projects/Research/graphons/Thesis/formalization/.lake/packages/plausible/.lake/build/lib/lean:/Users/arhamlodha/Projects/Research/graphons/Thesis/formalization/.lake/packages/mathlib/.lake/build/lib/lean:/Users/arhamlodha/Projects/Research/graphons/Thesis/formalization/.lake/build/lib/lean /Users/arhamlodha/.local/share/elan/toolchains/leanprover--lean4---v4.32.0-rc1/bin/lean /Users/arhamlodha/Projects/Research/graphons/Thesis/formalization/GraphonFormalization/UpperBound.lean -o /Users/arhamlodha/Projects/Research/graphons/Thesis/formalization/.lake/build/lib/lean/GraphonFormalization/UpperBound.olean -i /Users/arhamlodha/Projects/Research/graphons/Thesis/formalization/.lake/build/lib/lean/GraphonFormalization/UpperBound.ilean -c /Users/arhamlodha/Projects/Research/graphons/Thesis/formalization/.lake/build/ir/GraphonFormalization/UpperBound.c --setup /Users/arhamlodha/Projects/Research/graphons/Thesis/formalization/.lake/build/ir/GraphonFormalization/UpperBound.setup.json --json",
   "level": "trace"},
  {"message":
   "GraphonFormalization/UpperBound.lean:39:8: declaration uses `sorry`",
   "level": "warning"},
  {"message":
   "GraphonFormalization/UpperBound.lean:60:8: declaration uses `sorry`",
   "level": "warning"},
  {"message":
   "GraphonFormalization/UpperBound.lean:72:8: declaration uses `sorry`",
   "level": "warning"},
  {"message":
   "GraphonFormalization/UpperBound.lean:86:15: Variable name `hτ` is not explicitly referenced.\n\nThe binding can be removed (if unused) or named `_` (if used implicitly).\n\nNote: This linter can be disabled with `set_option linter.unusedVariables false`",
   "level": "warning"},
  {"message":
   "GraphonFormalization/UpperBound.lean:87:19: Variable name `he` is not explicitly referenced.\n\nThe binding can be removed (if unused) or named `_` (if used implicitly).\n\nNote: This linter can be disabled with `set_option linter.unusedVariables false`",
   "level": "warning"},
  {"message":
   "GraphonFormalization/UpperBound.lean:99:8: declaration uses `sorry`",
   "level": "warning"}],
 "inputs":
 [["GraphonFormalization.UpperBound:deps",
   [["deps",
     [["GraphonFormalization/GraphonFormalization:extraDep",
       [["@GraphonFormalization:extraDep", "00000000000006bb"]]],
      ["imports",
       [["GraphonFormalization.HomDensity transitive imports (legacy)",
         "7dbbe5f333826e06"],
        ["GraphonFormalization.HomDensity:importAllArts", "77aadca763287894"],
        ["GraphonFormalization.Alpha transitive imports (legacy)",
         "e0e9a474c64dc93e"],
        ["GraphonFormalization.Alpha:importAllArts", "89ff48a7fe311329"],
        ["Mathlib.MeasureTheory.Integral.MeanInequalities transitive imports (legacy)",
         "350bd7004258eba0"],
        ["Mathlib.MeasureTheory.Integral.MeanInequalities:importAllArts",
         "b243aee3b1de3ecd"],
        ["Mathlib.Analysis.Asymptotics.Defs transitive imports (legacy)",
         "5334958c30d26a8b"],
        ["Mathlib.Analysis.Asymptotics.Defs:importAllArts", "5aa43a75b0fcc19c"],
        ["Mathlib.Analysis.SpecialFunctions.Pow.Real transitive imports (legacy)",
         "cab8995b060c682e"],
        ["Mathlib.Analysis.SpecialFunctions.Pow.Real:importAllArts",
         "1cac6ffbc2befd73"]]]]],
    ["libs",
     [["import dynlibs", "00000000000006bb"],
      ["package external libraries", "00000000000006bb"],
      ["module dynlibs", "00000000000006bb"],
      ["module plugins", "00000000000006bb"]]]]],
  ["Lean 4.32.0, commit b4812ae53eea93439ad5dce5a5c26591c31cb697",
   "9f30fb205c97627b"],
  ["/Users/arhamlodha/Projects/Research/graphons/Thesis/formalization/GraphonFormalization/UpperBound.lean",
   "abb54a27a02e109f"],
  ["options", "00000000000006bb"],
  ["isModule: false", "feefd2a0d3a1847e"],
  ["Module.name: GraphonFormalization.UpperBound", "6778a898230ddaf5"],
  ["Package.id?: (some GraphonFormalization)", "aac668fec9cc80f0"],
  ["Module.leanArgs: #[]", "00000000000006bb"]],
 "depHash": "d6d0de7c7acf6f0d"}